<?xml version="1.0" encoding="UTF-8"?>
<!-- Generated by org.testng.reporters.JUnitReportReporter -->
<testsuite hostname="MacBook-Pro.local" failures="0" tests="1" name="first_git.git_class" time="0.018" errors="0" timestamp="5 Dec 2023 11:58:21 GMT">
  <testcase classname="first_git.git_class" name="bb" time="0.018"/>
</testsuite> <!-- first_git.git_class -->
